School lunch App/manifest-merger-release-report.txt
-- Merging decision tree log ---
manifest
ADDED from AndroidManifest.xml:2:1
	package
		ADDED from AndroidManifest.xml:3:5
		INJECTED from AndroidManifest.xml:0:0
		INJECTED from AndroidManifest.xml:0:0
	android:versionName
		INJECTED from AndroidManifest.xml:0:0
		INJECTED from AndroidManifest.xml:0:0
	xmlns:android
		ADDED from AndroidManifest.xml:2:11
	android:versionCode
		INJECTED from AndroidManifest.xml:0:0
		INJECTED from AndroidManifest.xml:0:0
uses-permission#android.permission.INTERNET
ADDED from AndroidManifest.xml:5:5
	android:name
		ADDED from AndroidManifest.xml:5:22
uses-permission#android.permission.ACCESS_NETWORK_STATE
ADDED from AndroidManifest.xml:6:5
	android:name
		ADDED from AndroidManifest.xml:6:22
application
ADDED from AndroidManifest.xml:8:5
MERGED from com.android.support:appcompat-v7:21.0.3:16:5
MERGED from com.android.support:support-v4:21.0.3:16:5
	android:label
		ADDED from AndroidManifest.xml:11:9
	android:allowBackup
		ADDED from AndroidManifest.xml:9:9
	android:icon
		ADDED from AndroidManifest.xml:10:9
	android:theme
		ADDED from AndroidManifest.xml:12:9
activity#com.dalkomsoft02.ganggongui.todayfeed.Spleash_Activity
ADDED from AndroidManifest.xml:13:9
	android:label
		ADDED from AndroidManifest.xml:15:13
	android:theme
		ADDED from AndroidManifest.xml:16:13
	android:name
		ADDED from AndroidManifest.xml:14:13
intent-filter#android.intent.action.MAIN+android.intent.category.LAUNCHER
ADDED from AndroidManifest.xml:17:13
action#android.intent.action.MAIN
ADDED from AndroidManifest.xml:18:17
	android:name
		ADDED from AndroidManifest.xml:18:25
category#android.intent.category.LAUNCHER
ADDED from AndroidManifest.xml:20:17
	android:name
		ADDED from AndroidManifest.xml:20:27
activity#com.dalkomsoft02.ganggongui.todayfeed.MainActivity
ADDED from AndroidManifest.xml:23:9
	android:label
		ADDED from AndroidManifest.xml:25:13
	android:theme
		ADDED from AndroidManifest.xml:26:13
	android:name
		ADDED from AndroidManifest.xml:24:13
activity#com.dalkomsoft02.ganggongui.todayfeed.SettingSchoolActivity
ADDED from AndroidManifest.xml:27:9
	android:label
		ADDED from AndroidManifest.xml:30:13
	android:windowSoftInputMode
		ADDED from AndroidManifest.xml:28:13
	android:theme
		ADDED from AndroidManifest.xml:31:13
	android:name
		ADDED from AndroidManifest.xml:29:13
intent-filter#android.appwidget.action.APPWIDGET_CONFIGURE
ADDED from AndroidManifest.xml:34:9
action#android.appwidget.action.APPWIDGET_CONFIGURE
ADDED from AndroidManifest.xml:35:13
	android:name
		ADDED from AndroidManifest.xml:35:21
uses-sdk
INJECTED from AndroidManifest.xml:0:0 reason: use-sdk injection requested
MERGED from com.android.support:appcompat-v7:21.0.3:15:5
MERGED from com.android.support:support-v4:21.0.3:15:5
	android:targetSdkVersion
		INJECTED from AndroidManifest.xml:0:0
		INJECTED from AndroidManifest.xml:0:0
	android:minSdkVersion
		INJECTED from AndroidManifest.xml:0:0
		INJECTED from AndroidManifest.xml:0:0